# JRE version: OpenJDK Runtime Environment (11.0.8+10) (build 11.0.8+10-b944.6842174)
# Java VM: OpenJDK 64-Bit Server VM (11.0.8+10-b944.6842174, mixed mode, tiered, compressed oops, g1 gc, windows-amd64)
Heap:
 garbage-first heap   total 557056K, used 141774K [0x0000000080000000, 0x0000000100000000)
  region size 1024K, 28 young (28672K), 2 survivors (2048K)
 Metaspace       used 149475K, capacity 152688K, committed 153728K, reserved 1183744K
  class space    used 17815K, capacity 18955K, committed 19328K, reserved 1048576K
GC Heap History (20 events):
Event: 2249.852 GC heap after
{Heap after GC invocations=136 (full 0):
 garbage-first heap   total 557056K, used 170139K [0x0000000080000000, 0x0000000100000000)
  region size 1024K, 3 young (3072K), 3 survivors (3072K)
 Metaspace       used 149468K, capacity 152928K, committed 153088K, reserved 1183744K
  class space    used 17892K, capacity 19142K, committed 19200K, reserved 1048576K
}
Event: 2252.407 GC heap before
{Heap before GC invocations=136 (full 0):
 garbage-first heap   total 557056K, used 194715K [0x0000000080000000, 0x0000000100000000)
  region size 1024K, 27 young (27648K), 3 survivors (3072K)
 Metaspace       used 149472K, capacity 152929K, committed 153088K, reserved 1183744K
  class space    used 17892K, capacity 19142K, committed 19200K, reserved 1048576K
}
Event: 2253.886 GC heap after
{Heap after GC invocations=137 (full 0):
 garbage-first heap   total 557056K, used 166269K [0x0000000080000000, 0x0000000100000000)
  region size 1024K, 3 young (3072K), 3 survivors (3072K)
 Metaspace       used 149472K, capacity 152929K, committed 153088K, reserved 1183744K
  class space    used 17892K, capacity 19142K, committed 19200K, reserved 1048576K
}
Event: 2263.910 GC heap before
{Heap before GC invocations=137 (full 0):
 garbage-first heap   total 557056K, used 190845K [0x0000000080000000, 0x0000000100000000)
  region size 1024K, 27 young (27648K), 3 survivors (3072K)
 Metaspace       used 149472K, capacity 152929K, committed 153088K, reserved 1183744K
  class space    used 17892K, capacity 19142K, committed 19200K, reserved 1048576K
}
Event: 2264.031 GC heap after
{Heap after GC invocations=138 (full 0):
 garbage-first heap   total 557056K, used 167278K [0x0000000080000000, 0x0000000100000000)
  region size 1024K, 3 young (3072K), 3 survivors (3072K)
 Metaspace       used 149472K, capacity 152929K, committed 153088K, reserved 1183744K
  class space    used 17892K, capacity 19142K, committed 19200K, reserved 1048576K
}
Event: 2266.792 GC heap before
{Heap before GC invocations=139 (full 0):
 garbage-first heap   total 557056K, used 176494K [0x0000000080000000, 0x0000000100000000)
  region size 1024K, 27 young (27648K), 3 survivors (3072K)
 Metaspace       used 149473K, capacity 152929K, committed 153088K, reserved 1183744K
  class space    used 17892K, capacity 19142K, committed 19200K, reserved 1048576K
}
Event: 2266.841 GC heap after
{Heap after GC invocations=140 (full 0):
 garbage-first heap   total 557056K, used 153538K [0x0000000080000000, 0x0000000100000000)
  region size 1024K, 3 young (3072K), 3 survivors (3072K)
 Metaspace       used 149473K, capacity 152929K, committed 153088K, reserved 1183744K
  class space    used 17892K, capacity 19142K, committed 19200K, reserved 1048576K
}
Event: 2269.146 GC heap before
{Heap before GC invocations=140 (full 0):
 garbage-first heap   total 557056K, used 177090K [0x0000000080000000, 0x0000000100000000)
  region size 1024K, 27 young (27648K), 3 survivors (3072K)
 Metaspace       used 149473K, capacity 152929K, committed 153088K, reserved 1183744K
  class space    used 17892K, capacity 19142K, committed 19200K, reserved 1048576K
}
Event: 2269.157 GC heap after
{Heap after GC invocations=141 (full 0):
 garbage-first heap   total 557056K, used 140053K [0x0000000080000000, 0x0000000100000000)
  region size 1024K, 3 young (3072K), 3 survivors (3072K)
 Metaspace       used 149473K, capacity 152929K, committed 153088K, reserved 1183744K
  class space    used 17892K, capacity 19142K, committed 19200K, reserved 1048576K
}
Event: 2270.622 GC heap before
{Heap before GC invocations=141 (full 0):
 garbage-first heap   total 557056K, used 163605K [0x0000000080000000, 0x0000000100000000)
  region size 1024K, 27 young (27648K), 3 survivors (3072K)
 Metaspace       used 149474K, capacity 152929K, committed 153088K, reserved 1183744K
  class space    used 17892K, capacity 19142K, committed 19200K, reserved 1048576K
}
Event: 2270.639 GC heap after
{Heap after GC invocations=142 (full 0):
 garbage-first heap   total 557056K, used 127584K [0x0000000080000000, 0x0000000100000000)
  region size 1024K, 3 young (3072K), 3 survivors (3072K)
 Metaspace       used 149474K, capacity 152929K, committed 153088K, reserved 1183744K
  class space    used 17892K, capacity 19142K, committed 19200K, reserved 1048576K
}
Event: 2329.498 GC heap before
{Heap before GC invocations=142 (full 0):
 garbage-first heap   total 557056K, used 151136K [0x0000000080000000, 0x0000000100000000)
  region size 1024K, 27 young (27648K), 3 survivors (3072K)
 Metaspace       used 149620K, capacity 153028K, committed 153472K, reserved 1183744K
  class space    used 17913K, capacity 19175K, committed 19328K, reserved 1048576K
}
Event: 2329.732 GC heap after
{Heap after GC invocations=143 (full 0):
 garbage-first heap   total 557056K, used 124522K [0x0000000080000000, 0x0000000100000000)
  region size 1024K, 3 young (3072K), 3 survivors (3072K)
 Metaspace       used 149620K, capacity 153028K, committed 153472K, reserved 1183744K
  class space    used 17913K, capacity 19175K, committed 19328K, reserved 1048576K
}
Event: 3409.519 GC heap before
{Heap before GC invocations=143 (full 0):
 garbage-first heap   total 557056K, used 148074K [0x0000000080000000, 0x0000000100000000)
  region size 1024K, 27 young (27648K), 3 survivors (3072K)
 Metaspace       used 149910K, capacity 153415K, committed 153728K, reserved 1183744K
  class space    used 17952K, capacity 19208K, committed 19328K, reserved 1048576K
}
Event: 3409.645 GC heap after
{Heap after GC invocations=144 (full 0):
 garbage-first heap   total 557056K, used 124369K [0x0000000080000000, 0x0000000100000000)
  region size 1024K, 2 young (2048K), 2 survivors (2048K)
 Metaspace       used 149910K, capacity 153415K, committed 153728K, reserved 1183744K
  class space    used 17952K, capacity 19208K, committed 19328K, reserved 1048576K
}
Event: 7118.309 GC heap before
{Heap before GC invocations=145 (full 0):
 garbage-first heap   total 557056K, used 187857K [0x0000000080000000, 0x0000000100000000)
  region size 1024K, 64 young (65536K), 2 survivors (2048K)
 Metaspace       used 149331K, capacity 152439K, committed 153728K, reserved 1183744K
  class space    used 17790K, capacity 18907K, committed 19328K, reserved 1048576K
}
Event: 7128.572 GC heap after
{Heap after GC invocations=146 (full 0):
 garbage-first heap   total 557056K, used 123101K [0x0000000080000000, 0x0000000100000000)
  region size 1024K, 1 young (1024K), 1 survivors (1024K)
 Metaspace       used 149331K, capacity 152439K, committed 153728K, reserved 1183744K
  class space    used 17790K, capacity 18907K, committed 19328K, reserved 1048576K
}
Event: 8683.790 GC heap before
{Heap before GC invocations=146 (full 0):
 garbage-first heap   total 557056K, used 149725K [0x0000000080000000, 0x0000000100000000)
  region size 1024K, 27 young (27648K), 1 survivors (1024K)
 Metaspace       used 149332K, capacity 152439K, committed 153728K, reserved 1183744K
  class space    used 17790K, capacity 18907K, committed 19328K, reserved 1048576K
}
Event: 8710.759 GC heap after
{Heap after GC invocations=147 (full 0):
 garbage-first heap   total 557056K, used 115150K [0x0000000080000000, 0x0000000100000000)
  region size 1024K, 1 young (1024K), 1 survivors (1024K)
 Metaspace       used 149332K, capacity 152439K, committed 153728K, reserved 1183744K
  class space    used 17790K, capacity 18907K, committed 19328K, reserved 1048576K
}
Event: 9335.559 GC heap before
{Heap before GC invocations=147 (full 0):
 garbage-first heap   total 557056K, used 141774K [0x0000000080000000, 0x0000000100000000)
  region size 1024K, 27 young (27648K), 1 survivors (1024K)
 Metaspace       used 149475K, capacity 152688K, committed 153728K, reserved 1183744K
  class space    used 17815K, capacity 18955K, committed 19328K, reserved 1048576K
}

